<?xml version="1.0" encoding="UTF-8"?>
<!-- Generated by org.testng.reporters.JUnitXMLReporter -->
<testsuite ignored="0" hostname="DESKTOP-UR60E6G" failures="0" tests="3" name="Regression Test" time="7.802" errors="0" timestamp="2023-07-27T12:32:14 IST">
  <testcase classname="com.luma.testBase.TestBase" name="@BeforeMethod setUp" time="4.983">
    <failure type="org.openqa.selenium.remote.http.ConnectionFailedException" message="Unable to establish websocket connection to http://localhost:54769/devtools/browser/14f540db-a386-40d3-9344-586efa0c1a1e
Build info: version: &amp;apos;4.4.0&amp;apos;, revision: &amp;apos;e5c75ed026a&amp;apos;
System info: host: &amp;apos;DESKTOP-UR60E6G&amp;apos;, ip: &amp;apos;192.168.140.233&amp;apos;, os.name: &amp;apos;Windows 10&amp;apos;, os.arch: &amp;apos;amd64&amp;apos;, os.version: &amp;apos;10.0&amp;apos;, java.version: &amp;apos;19.0.1&amp;apos;
Driver info: driver.version: EdgeDriver">
      <![CDATA[org.openqa.selenium.remote.http.ConnectionFailedException: Unable to establish websocket connection to http://localhost:54769/devtools/browser/14f540db-a386-40d3-9344-586efa0c1a1e
Build info: version: '4.4.0', revision: 'e5c75ed026a'
System info: host: 'DESKTOP-UR60E6G', ip: '192.168.140.233', os.name: 'Windows 10', os.arch: 'amd64', os.version: '10.0', java.version: '19.0.1'
Driver info: driver.version: EdgeDriver
at org.openqa.selenium.remote.http.netty.NettyWebSocket.<init>(NettyWebSocket.java:102)
at org.openqa.selenium.remote.http.netty.NettyWebSocket.lambda$create$3(NettyWebSocket.java:128)
at org.openqa.selenium.remote.http.netty.NettyClient.openSocket(NettyClient.java:106)
at org.openqa.selenium.devtools.Connection.<init>(Connection.java:77)
at org.openqa.selenium.chromium.ChromiumDriver.lambda$new$2(ChromiumDriver.java:116)
at java.base/java.util.Optional.map(Optional.java:260)
at org.openqa.selenium.chromium.ChromiumDriver.<init>(ChromiumDriver.java:114)
at org.openqa.selenium.edge.EdgeDriver.<init>(EdgeDriver.java:54)
at org.openqa.selenium.edge.EdgeDriver.<init>(EdgeDriver.java:46)
at org.openqa.selenium.edge.EdgeDriver.<init>(EdgeDriver.java:42)
at com.luma.testBase.TestBase.setUp(TestBase.java:67)
at java.base/java.util.ArrayList.forEach(ArrayList.java:1511)
... Removed 29 stack frames]]>
    </failure>
  </testcase> <!-- @BeforeMethod setUp -->
  <testcase classname="com.luma.testBase.TestBase" name="@AfterMethod tearDown" time="-1.690441331731E9">
    <skipped/>
  </testcase> <!-- @AfterMethod tearDown -->
  <testcase classname="com.luma.testBase.TestBase" name="@BeforeMethod setUp" time="-1.690441331734E9">
    <skipped/>
  </testcase> <!-- @BeforeMethod setUp -->
  <testcase classname="com.luma.testBase.TestBase" name="@AfterMethod tearDown" time="-1.69044133174E9">
    <skipped/>
  </testcase> <!-- @AfterMethod tearDown -->
  <testcase classname="com.luma.testBase.TestBase" name="@AfterClass stop" time="-1.690441331742E9">
    <skipped/>
  </testcase> <!-- @AfterClass stop -->
  <testcase classname="com.luma.testBase.TestBase" name="@BeforeMethod setUp" time="2.526">
    <failure type="org.openqa.selenium.remote.http.ConnectionFailedException" message="Unable to establish websocket connection to http://localhost:54792/devtools/browser/5915880d-1091-416f-b77b-197a1138fdba
Build info: version: &amp;apos;4.4.0&amp;apos;, revision: &amp;apos;e5c75ed026a&amp;apos;
System info: host: &amp;apos;DESKTOP-UR60E6G&amp;apos;, ip: &amp;apos;192.168.140.233&amp;apos;, os.name: &amp;apos;Windows 10&amp;apos;, os.arch: &amp;apos;amd64&amp;apos;, os.version: &amp;apos;10.0&amp;apos;, java.version: &amp;apos;19.0.1&amp;apos;
Driver info: driver.version: EdgeDriver">
      <![CDATA[org.openqa.selenium.remote.http.ConnectionFailedException: Unable to establish websocket connection to http://localhost:54792/devtools/browser/5915880d-1091-416f-b77b-197a1138fdba
Build info: version: '4.4.0', revision: 'e5c75ed026a'
System info: host: 'DESKTOP-UR60E6G', ip: '192.168.140.233', os.name: 'Windows 10', os.arch: 'amd64', os.version: '10.0', java.version: '19.0.1'
Driver info: driver.version: EdgeDriver
at org.openqa.selenium.remote.http.netty.NettyWebSocket.<init>(NettyWebSocket.java:102)
at org.openqa.selenium.remote.http.netty.NettyWebSocket.lambda$create$3(NettyWebSocket.java:128)
at org.openqa.selenium.remote.http.netty.NettyClient.openSocket(NettyClient.java:106)
at org.openqa.selenium.devtools.Connection.<init>(Connection.java:77)
at org.openqa.selenium.chromium.ChromiumDriver.lambda$new$2(ChromiumDriver.java:116)
at java.base/java.util.Optional.map(Optional.java:260)
at org.openqa.selenium.chromium.ChromiumDriver.<init>(ChromiumDriver.java:114)
at org.openqa.selenium.edge.EdgeDriver.<init>(EdgeDriver.java:54)
at org.openqa.selenium.edge.EdgeDriver.<init>(EdgeDriver.java:46)
at org.openqa.selenium.edge.EdgeDriver.<init>(EdgeDriver.java:42)
at com.luma.testBase.TestBase.setUp(TestBase.java:67)
at java.base/java.util.ArrayList.forEach(ArrayList.java:1511)
... Removed 29 stack frames]]>
    </failure>
  </testcase> <!-- @BeforeMethod setUp -->
  <testcase classname="com.luma.testBase.TestBase" name="@AfterMethod tearDown" time="-1.690441334283E9">
    <skipped/>
  </testcase> <!-- @AfterMethod tearDown -->
  <testcase classname="com.luma.testBase.TestBase" name="@AfterClass stop" time="-1.690441334286E9">
    <skipped/>
  </testcase> <!-- @AfterClass stop -->
  <testcase classname="com.luma.testLayer.BuyFuctionality" name="verifyBuyFunctionalityWithLogin" time="0.0">
    <skipped/>
  </testcase> <!-- verifyBuyFunctionalityWithLogin -->
  <testcase classname="com.luma.testLayer.BuyFuctionality" name="verifyBuyFunctionalityWithoutLogin" time="0.0">
    <skipped/>
  </testcase> <!-- verifyBuyFunctionalityWithoutLogin -->
  <testcase classname="com.luma.testLayer.LoginPageTest" name="VerifyLoginTest" time="0.0">
    <skipped/>
  </testcase> <!-- VerifyLoginTest -->
</testsuite> <!-- Regression Test -->
